[2023-12-30 02:29:17Z INFO HostContext] No proxy settings were found based on environmental variables (http_proxy/https_proxy/HTTP_PROXY/HTTPS_PROXY)
[2023-12-30 02:29:17Z INFO HostContext] Well known directory 'Bin': 'C:\Users\valep\Desktop\Devops\dev-ops-v6\microservicio\microservicio-java\actions-runner\bin'
[2023-12-30 02:29:17Z INFO HostContext] Well known directory 'Root': 'C:\Users\valep\Desktop\Devops\dev-ops-v6\microservicio\microservicio-java\actions-runner'
[2023-12-30 02:29:17Z INFO HostContext] Well known config file 'Credentials': 'C:\Users\valep\Desktop\Devops\dev-ops-v6\microservicio\microservicio-java\actions-runner\.credentials'
[2023-12-30 02:29:17Z INFO HostContext] Well known directory 'Bin': 'C:\Users\valep\Desktop\Devops\dev-ops-v6\microservicio\microservicio-java\actions-runner\bin'
[2023-12-30 02:29:17Z INFO HostContext] Well known directory 'Root': 'C:\Users\valep\Desktop\Devops\dev-ops-v6\microservicio\microservicio-java\actions-runner'
[2023-12-30 02:29:17Z INFO HostContext] Well known config file 'Runner': 'C:\Users\valep\Desktop\Devops\dev-ops-v6\microservicio\microservicio-java\actions-runner\.runner'
[2023-12-30 02:29:17Z INFO Listener] Runner is built for Windows (X64) - win-x64.
[2023-12-30 02:29:17Z INFO Listener] RuntimeInformation: Microsoft Windows 10.0.19045.
[2023-12-30 02:29:17Z INFO Listener] Version: 2.311.0
[2023-12-30 02:29:17Z INFO Listener] Commit: f5cff308c83746dddd726a9a28a1583872305aaa
[2023-12-30 02:29:17Z INFO Listener] Culture: es-CL
[2023-12-30 02:29:17Z INFO Listener] UI Culture: es-MX
[2023-12-30 02:29:17Z INFO HostContext] Well known directory 'Bin': 'C:\Users\valep\Desktop\Devops\dev-ops-v6\microservicio\microservicio-java\actions-runner\bin'
[2023-12-30 02:29:17Z INFO HostContext] Well known directory 'Root': 'C:\Users\valep\Desktop\Devops\dev-ops-v6\microservicio\microservicio-java\actions-runner'
[2023-12-30 02:29:17Z INFO Listener] Validating directory permissions for: 'C:\Users\valep\Desktop\Devops\dev-ops-v6\microservicio\microservicio-java\actions-runner'
[2023-12-30 02:29:17Z INFO CommandLineParser] Parse
[2023-12-30 02:29:17Z INFO CommandLineParser] Parsing 1 args
[2023-12-30 02:29:17Z INFO CommandLineParser] parsing argument
[2023-12-30 02:29:17Z INFO CommandLineParser] HasArgs: False
[2023-12-30 02:29:17Z INFO CommandLineParser] Adding Command: run
[2023-12-30 02:29:17Z INFO Listener] Arguments parsed
[2023-12-30 02:29:17Z INFO Runner] ExecuteCommand
[2023-12-30 02:29:17Z INFO ConfigurationStore] currentAssemblyLocation: C:\Users\valep\Desktop\Devops\dev-ops-v6\microservicio\microservicio-java\actions-runner\bin\Runner.Listener.dll
[2023-12-30 02:29:17Z INFO HostContext] Well known directory 'Bin': 'C:\Users\valep\Desktop\Devops\dev-ops-v6\microservicio\microservicio-java\actions-runner\bin'
[2023-12-30 02:29:17Z INFO ConfigurationStore] binPath: C:\Users\valep\Desktop\Devops\dev-ops-v6\microservicio\microservicio-java\actions-runner\bin
[2023-12-30 02:29:17Z INFO HostContext] Well known directory 'Bin': 'C:\Users\valep\Desktop\Devops\dev-ops-v6\microservicio\microservicio-java\actions-runner\bin'
[2023-12-30 02:29:17Z INFO HostContext] Well known directory 'Root': 'C:\Users\valep\Desktop\Devops\dev-ops-v6\microservicio\microservicio-java\actions-runner'
[2023-12-30 02:29:17Z INFO ConfigurationStore] RootFolder: C:\Users\valep\Desktop\Devops\dev-ops-v6\microservicio\microservicio-java\actions-runner
[2023-12-30 02:29:17Z INFO HostContext] Well known directory 'Bin': 'C:\Users\valep\Desktop\Devops\dev-ops-v6\microservicio\microservicio-java\actions-runner\bin'
[2023-12-30 02:29:17Z INFO HostContext] Well known directory 'Root': 'C:\Users\valep\Desktop\Devops\dev-ops-v6\microservicio\microservicio-java\actions-runner'
[2023-12-30 02:29:17Z INFO HostContext] Well known config file 'Runner': 'C:\Users\valep\Desktop\Devops\dev-ops-v6\microservicio\microservicio-java\actions-runner\.runner'
[2023-12-30 02:29:17Z INFO ConfigurationStore] ConfigFilePath: C:\Users\valep\Desktop\Devops\dev-ops-v6\microservicio\microservicio-java\actions-runner\.runner
[2023-12-30 02:29:17Z INFO HostContext] Well known directory 'Bin': 'C:\Users\valep\Desktop\Devops\dev-ops-v6\microservicio\microservicio-java\actions-runner\bin'
[2023-12-30 02:29:17Z INFO HostContext] Well known directory 'Root': 'C:\Users\valep\Desktop\Devops\dev-ops-v6\microservicio\microservicio-java\actions-runner'
[2023-12-30 02:29:17Z INFO HostContext] Well known config file 'Credentials': 'C:\Users\valep\Desktop\Devops\dev-ops-v6\microservicio\microservicio-java\actions-runner\.credentials'
[2023-12-30 02:29:17Z INFO ConfigurationStore] CredFilePath: C:\Users\valep\Desktop\Devops\dev-ops-v6\microservicio\microservicio-java\actions-runner\.credentials
[2023-12-30 02:29:17Z INFO HostContext] Well known directory 'Bin': 'C:\Users\valep\Desktop\Devops\dev-ops-v6\microservicio\microservicio-java\actions-runner\bin'
[2023-12-30 02:29:17Z INFO HostContext] Well known directory 'Root': 'C:\Users\valep\Desktop\Devops\dev-ops-v6\microservicio\microservicio-java\actions-runner'
[2023-12-30 02:29:17Z INFO HostContext] Well known config file 'MigratedCredentials': 'C:\Users\valep\Desktop\Devops\dev-ops-v6\microservicio\microservicio-java\actions-runner\.credentials_migrated'
[2023-12-30 02:29:17Z INFO ConfigurationStore] MigratedCredFilePath: C:\Users\valep\Desktop\Devops\dev-ops-v6\microservicio\microservicio-java\actions-runner\.credentials_migrated
[2023-12-30 02:29:17Z INFO HostContext] Well known directory 'Bin': 'C:\Users\valep\Desktop\Devops\dev-ops-v6\microservicio\microservicio-java\actions-runner\bin'
[2023-12-30 02:29:17Z INFO HostContext] Well known directory 'Root': 'C:\Users\valep\Desktop\Devops\dev-ops-v6\microservicio\microservicio-java\actions-runner'
[2023-12-30 02:29:17Z INFO HostContext] Well known config file 'Service': 'C:\Users\valep\Desktop\Devops\dev-ops-v6\microservicio\microservicio-java\actions-runner\.service'
[2023-12-30 02:29:17Z INFO ConfigurationStore] ServiceConfigFilePath: C:\Users\valep\Desktop\Devops\dev-ops-v6\microservicio\microservicio-java\actions-runner\.service
[2023-12-30 02:29:17Z INFO CommandSettings] Flag 'help': 'False'
[2023-12-30 02:29:17Z INFO CommandSettings] Flag 'version': 'False'
[2023-12-30 02:29:17Z INFO CommandSettings] Flag 'commit': 'False'
[2023-12-30 02:29:17Z INFO CommandSettings] Flag 'check': 'False'
[2023-12-30 02:29:17Z INFO CommandSettings] Command 'configure': 'False'
[2023-12-30 02:29:17Z INFO CommandSettings] Command 'remove': 'False'
[2023-12-30 02:29:17Z INFO CommandSettings] Command 'warmup': 'False'
[2023-12-30 02:29:17Z INFO ConfigurationManager] LoadSettings
[2023-12-30 02:29:17Z INFO ConfigurationStore] IsConfigured()
[2023-12-30 02:29:17Z INFO ConfigurationStore] IsConfigured: True
[2023-12-30 02:29:17Z INFO ConfigurationManager] Is configured: True
[2023-12-30 02:29:17Z INFO ConfigurationStore] Read setting file: 318 chars
[2023-12-30 02:29:17Z INFO ConfigurationManager] Settings Loaded
[2023-12-30 02:29:17Z INFO ConfigurationStore] IsServiceConfigured()
[2023-12-30 02:29:17Z INFO ConfigurationStore] IsServiceConfigured: False
[2023-12-30 02:29:17Z INFO CommandSettings] Command 'run': 'True'
[2023-12-30 02:29:17Z INFO ConfigurationStore] IsConfigured()
[2023-12-30 02:29:17Z INFO ConfigurationStore] IsConfigured: True
[2023-12-30 02:29:17Z INFO ConfigurationManager] Is configured: True
[2023-12-30 02:29:17Z INFO Runner] Could not parse the argument value '' for StartupType. Defaulting to Manual
[2023-12-30 02:29:17Z INFO Runner] Set runner startup type - Manual
[2023-12-30 02:29:17Z INFO CommandSettings] Flag 'once': 'False'
[2023-12-30 02:29:17Z INFO CommandSettings] Flag 'once': 'False'
[2023-12-30 02:29:17Z INFO Runner] RunAsync
[2023-12-30 02:29:17Z INFO ConfigurationManager] LoadSettings
[2023-12-30 02:29:17Z INFO ConfigurationStore] IsConfigured()
[2023-12-30 02:29:17Z INFO ConfigurationStore] IsConfigured: True
[2023-12-30 02:29:17Z INFO ConfigurationManager] Is configured: True
[2023-12-30 02:29:17Z INFO ConfigurationManager] Settings Loaded
[2023-12-30 02:29:17Z INFO MessageListener] {
  "AgentId": 22,
  "AgentName": "LAPTOP-23KGNN3P",
  "PoolId": 1,
  "PoolName": "Default",
  "ServerUrl": "https://pipelinesghubeus12.actions.githubusercontent.com/n5xj4NtZaFnwhfqSHSsyMr2tXcI2v6adU4zSZdj3RYfXrR0l0j/",
  "GitHubUrl": "https://github.com/vpmlagos/microservicio-java",
  "WorkFolder": "_work"
}
[2023-12-30 02:29:17Z INFO MessageListener] Loading Credentials
[2023-12-30 02:29:17Z INFO ConfigurationStore] HasCredentials()
[2023-12-30 02:29:17Z INFO ConfigurationStore] stored True
[2023-12-30 02:29:17Z INFO CredentialManager] GetCredentialProvider
[2023-12-30 02:29:17Z INFO CredentialManager] Creating type OAuth
[2023-12-30 02:29:17Z INFO CredentialManager] Creating credential type: OAuth
[2023-12-30 02:29:17Z INFO HostContext] Well known directory 'Bin': 'C:\Users\valep\Desktop\Devops\dev-ops-v6\microservicio\microservicio-java\actions-runner\bin'
[2023-12-30 02:29:17Z INFO HostContext] Well known directory 'Root': 'C:\Users\valep\Desktop\Devops\dev-ops-v6\microservicio\microservicio-java\actions-runner'
[2023-12-30 02:29:17Z INFO HostContext] Well known config file 'RSACredentials': 'C:\Users\valep\Desktop\Devops\dev-ops-v6\microservicio\microservicio-java\actions-runner\.credentials_rsaparams'
[2023-12-30 02:29:17Z INFO RSAEncryptedFileKeyManager] Loading RSA key parameters from file C:\Users\valep\Desktop\Devops\dev-ops-v6\microservicio\microservicio-java\actions-runner\.credentials_rsaparams
[2023-12-30 02:29:17Z INFO MessageListener] Attempt to create session.
[2023-12-30 02:29:17Z INFO MessageListener] Connecting to the Runner Server...
[2023-12-30 02:29:17Z INFO RunnerServer] EstablishVssConnection
[2023-12-30 02:29:17Z INFO RunnerServer] Establish connection with 100 seconds timeout.
[2023-12-30 02:29:17Z INFO GitHubActionsService] Starting operation Location.GetConnectionData
[2023-12-30 02:29:17Z INFO RunnerServer] EstablishVssConnection
[2023-12-30 02:29:17Z INFO RunnerServer] Establish connection with 60 seconds timeout.
[2023-12-30 02:29:17Z INFO GitHubActionsService] Starting operation Location.GetConnectionData
[2023-12-30 02:29:17Z INFO RunnerServer] EstablishVssConnection
[2023-12-30 02:29:17Z INFO RunnerServer] Establish connection with 60 seconds timeout.
[2023-12-30 02:29:17Z INFO GitHubActionsService] Starting operation Location.GetConnectionData
[2023-12-30 02:29:18Z INFO GitHubActionsService] Finished operation Location.GetConnectionData
[2023-12-30 02:29:18Z INFO GitHubActionsService] Finished operation Location.GetConnectionData
[2023-12-30 02:29:18Z INFO GitHubActionsService] Finished operation Location.GetConnectionData
[2023-12-30 02:29:18Z INFO MessageListener] VssConnection created
[2023-12-30 02:29:18Z INFO Terminal] WRITE LINE: 
[2023-12-30 02:29:18Z INFO Terminal] WRITE LINE: 
[2023-12-30 02:29:18Z INFO RSAEncryptedFileKeyManager] Loading RSA key parameters from file C:\Users\valep\Desktop\Devops\dev-ops-v6\microservicio\microservicio-java\actions-runner\.credentials_rsaparams
[2023-12-30 02:29:18Z INFO RSAEncryptedFileKeyManager] Loading RSA key parameters from file C:\Users\valep\Desktop\Devops\dev-ops-v6\microservicio\microservicio-java\actions-runner\.credentials_rsaparams
[2023-12-30 02:29:19Z INFO GitHubActionsService] AAD Correlation ID for this token request: Unknown
[2023-12-30 02:29:19Z INFO MessageListener] Session created.
[2023-12-30 02:29:19Z INFO Terminal] WRITE LINE: Current runner version: '2.311.0'
[2023-12-30 02:29:19Z INFO Terminal] WRITE LINE: 2023-12-30 02:29:19Z: Listening for Jobs
[2023-12-30 02:29:19Z INFO JobDispatcher] Set runner/worker IPC timeout to 30 seconds.
