[2023-12-30 02:27:49Z INFO HostContext] No proxy settings were found based on environmental variables (http_proxy/https_proxy/HTTP_PROXY/HTTPS_PROXY)
[2023-12-30 02:27:49Z INFO HostContext] Well known directory 'Bin': 'C:\Users\valep\Desktop\Devops\dev-ops-v6\microservicio\microservicio-java\actions-runner\bin'
[2023-12-30 02:27:49Z INFO HostContext] Well known directory 'Root': 'C:\Users\valep\Desktop\Devops\dev-ops-v6\microservicio\microservicio-java\actions-runner'
[2023-12-30 02:27:49Z INFO HostContext] Well known config file 'Credentials': 'C:\Users\valep\Desktop\Devops\dev-ops-v6\microservicio\microservicio-java\actions-runner\.credentials'
[2023-12-30 02:27:49Z INFO HostContext] Well known directory 'Bin': 'C:\Users\valep\Desktop\Devops\dev-ops-v6\microservicio\microservicio-java\actions-runner\bin'
[2023-12-30 02:27:49Z INFO HostContext] Well known directory 'Root': 'C:\Users\valep\Desktop\Devops\dev-ops-v6\microservicio\microservicio-java\actions-runner'
[2023-12-30 02:27:49Z INFO HostContext] Well known config file 'Runner': 'C:\Users\valep\Desktop\Devops\dev-ops-v6\microservicio\microservicio-java\actions-runner\.runner'
[2023-12-30 02:27:49Z INFO Listener] Runner is built for Windows (X64) - win-x64.
[2023-12-30 02:27:49Z INFO Listener] RuntimeInformation: Microsoft Windows 10.0.19045.
[2023-12-30 02:27:49Z INFO Listener] Version: 2.311.0
[2023-12-30 02:27:49Z INFO Listener] Commit: f5cff308c83746dddd726a9a28a1583872305aaa
[2023-12-30 02:27:49Z INFO Listener] Culture: es-CL
[2023-12-30 02:27:49Z INFO Listener] UI Culture: es-MX
[2023-12-30 02:27:49Z INFO HostContext] Well known directory 'Bin': 'C:\Users\valep\Desktop\Devops\dev-ops-v6\microservicio\microservicio-java\actions-runner\bin'
[2023-12-30 02:27:49Z INFO HostContext] Well known directory 'Root': 'C:\Users\valep\Desktop\Devops\dev-ops-v6\microservicio\microservicio-java\actions-runner'
[2023-12-30 02:27:49Z INFO Listener] Validating directory permissions for: 'C:\Users\valep\Desktop\Devops\dev-ops-v6\microservicio\microservicio-java\actions-runner'
[2023-12-30 02:27:49Z INFO CommandLineParser] Parse
[2023-12-30 02:27:49Z INFO CommandLineParser] Parsing 5 args
[2023-12-30 02:27:49Z INFO CommandLineParser] parsing argument
[2023-12-30 02:27:49Z INFO CommandLineParser] HasArgs: False
[2023-12-30 02:27:49Z INFO CommandLineParser] Adding Command: configure
[2023-12-30 02:27:49Z INFO CommandLineParser] parsing argument
[2023-12-30 02:27:49Z INFO CommandLineParser] HasArgs: True
[2023-12-30 02:27:49Z INFO CommandLineParser] arg: url
[2023-12-30 02:27:49Z INFO CommandLineParser] parsing argument
[2023-12-30 02:27:49Z INFO CommandLineParser] HasArgs: True
[2023-12-30 02:27:49Z INFO CommandLineParser] Adding option 'url': 'https://github.com/vpmlagos/microservicio-java'
[2023-12-30 02:27:49Z INFO CommandLineParser] parsing argument
[2023-12-30 02:27:49Z INFO CommandLineParser] HasArgs: True
[2023-12-30 02:27:49Z INFO CommandLineParser] arg: token
[2023-12-30 02:27:49Z INFO CommandLineParser] parsing argument
[2023-12-30 02:27:49Z INFO CommandLineParser] HasArgs: True
[2023-12-30 02:27:49Z INFO CommandLineParser] Adding option 'token': '***'
[2023-12-30 02:27:49Z INFO Listener] Arguments parsed
[2023-12-30 02:27:49Z INFO Runner] ExecuteCommand
[2023-12-30 02:27:49Z INFO ConfigurationStore] currentAssemblyLocation: C:\Users\valep\Desktop\Devops\dev-ops-v6\microservicio\microservicio-java\actions-runner\bin\Runner.Listener.dll
[2023-12-30 02:27:49Z INFO HostContext] Well known directory 'Bin': 'C:\Users\valep\Desktop\Devops\dev-ops-v6\microservicio\microservicio-java\actions-runner\bin'
[2023-12-30 02:27:49Z INFO ConfigurationStore] binPath: C:\Users\valep\Desktop\Devops\dev-ops-v6\microservicio\microservicio-java\actions-runner\bin
[2023-12-30 02:27:49Z INFO HostContext] Well known directory 'Bin': 'C:\Users\valep\Desktop\Devops\dev-ops-v6\microservicio\microservicio-java\actions-runner\bin'
[2023-12-30 02:27:49Z INFO HostContext] Well known directory 'Root': 'C:\Users\valep\Desktop\Devops\dev-ops-v6\microservicio\microservicio-java\actions-runner'
[2023-12-30 02:27:49Z INFO ConfigurationStore] RootFolder: C:\Users\valep\Desktop\Devops\dev-ops-v6\microservicio\microservicio-java\actions-runner
[2023-12-30 02:27:49Z INFO HostContext] Well known directory 'Bin': 'C:\Users\valep\Desktop\Devops\dev-ops-v6\microservicio\microservicio-java\actions-runner\bin'
[2023-12-30 02:27:49Z INFO HostContext] Well known directory 'Root': 'C:\Users\valep\Desktop\Devops\dev-ops-v6\microservicio\microservicio-java\actions-runner'
[2023-12-30 02:27:49Z INFO HostContext] Well known config file 'Runner': 'C:\Users\valep\Desktop\Devops\dev-ops-v6\microservicio\microservicio-java\actions-runner\.runner'
[2023-12-30 02:27:49Z INFO ConfigurationStore] ConfigFilePath: C:\Users\valep\Desktop\Devops\dev-ops-v6\microservicio\microservicio-java\actions-runner\.runner
[2023-12-30 02:27:49Z INFO HostContext] Well known directory 'Bin': 'C:\Users\valep\Desktop\Devops\dev-ops-v6\microservicio\microservicio-java\actions-runner\bin'
[2023-12-30 02:27:49Z INFO HostContext] Well known directory 'Root': 'C:\Users\valep\Desktop\Devops\dev-ops-v6\microservicio\microservicio-java\actions-runner'
[2023-12-30 02:27:49Z INFO HostContext] Well known config file 'Credentials': 'C:\Users\valep\Desktop\Devops\dev-ops-v6\microservicio\microservicio-java\actions-runner\.credentials'
[2023-12-30 02:27:49Z INFO ConfigurationStore] CredFilePath: C:\Users\valep\Desktop\Devops\dev-ops-v6\microservicio\microservicio-java\actions-runner\.credentials
[2023-12-30 02:27:49Z INFO HostContext] Well known directory 'Bin': 'C:\Users\valep\Desktop\Devops\dev-ops-v6\microservicio\microservicio-java\actions-runner\bin'
[2023-12-30 02:27:49Z INFO HostContext] Well known directory 'Root': 'C:\Users\valep\Desktop\Devops\dev-ops-v6\microservicio\microservicio-java\actions-runner'
[2023-12-30 02:27:49Z INFO HostContext] Well known config file 'MigratedCredentials': 'C:\Users\valep\Desktop\Devops\dev-ops-v6\microservicio\microservicio-java\actions-runner\.credentials_migrated'
[2023-12-30 02:27:49Z INFO ConfigurationStore] MigratedCredFilePath: C:\Users\valep\Desktop\Devops\dev-ops-v6\microservicio\microservicio-java\actions-runner\.credentials_migrated
[2023-12-30 02:27:49Z INFO HostContext] Well known directory 'Bin': 'C:\Users\valep\Desktop\Devops\dev-ops-v6\microservicio\microservicio-java\actions-runner\bin'
[2023-12-30 02:27:49Z INFO HostContext] Well known directory 'Root': 'C:\Users\valep\Desktop\Devops\dev-ops-v6\microservicio\microservicio-java\actions-runner'
[2023-12-30 02:27:49Z INFO HostContext] Well known config file 'Service': 'C:\Users\valep\Desktop\Devops\dev-ops-v6\microservicio\microservicio-java\actions-runner\.service'
[2023-12-30 02:27:49Z INFO ConfigurationStore] ServiceConfigFilePath: C:\Users\valep\Desktop\Devops\dev-ops-v6\microservicio\microservicio-java\actions-runner\.service
[2023-12-30 02:27:49Z INFO CommandSettings] Flag 'help': 'False'
[2023-12-30 02:27:49Z INFO CommandSettings] Flag 'version': 'False'
[2023-12-30 02:27:49Z INFO CommandSettings] Flag 'commit': 'False'
[2023-12-30 02:27:49Z INFO CommandSettings] Flag 'check': 'False'
[2023-12-30 02:27:49Z INFO CommandSettings] Command 'configure': 'True'
[2023-12-30 02:27:49Z INFO Terminal] WRITE LINE: 
[2023-12-30 02:27:49Z INFO Terminal] WRITE LINE: --------------------------------------------------------------------------------
[2023-12-30 02:27:49Z INFO Terminal] WRITE LINE: |        ____ _ _   _   _       _          _        _   _                      |
[2023-12-30 02:27:49Z INFO Terminal] WRITE LINE: |       / ___(_) |_| | | |_   _| |__      / \   ___| |_(_) ___  _ __  ___      |
[2023-12-30 02:27:49Z INFO Terminal] WRITE LINE: |      | |  _| | __| |_| | | | | '_ \    / _ \ / __| __| |/ _ \| '_ \/ __|     |
[2023-12-30 02:27:49Z INFO Terminal] WRITE LINE: |      | |_| | | |_|  _  | |_| | |_) |  / ___ \ (__| |_| | (_) | | | \__ \     |
[2023-12-30 02:27:49Z INFO Terminal] WRITE LINE: |       \____|_|\__|_| |_|\__,_|_.__/  /_/   \_\___|\__|_|\___/|_| |_|___/     |
[2023-12-30 02:27:49Z INFO Terminal] WRITE LINE: |                                                                              |
[2023-12-30 02:27:49Z INFO Terminal] WRITE: |                       
[2023-12-30 02:27:49Z INFO Terminal] WRITE: Self-hosted runner registration
[2023-12-30 02:27:49Z INFO Terminal] WRITE LINE:                         |
[2023-12-30 02:27:49Z INFO Terminal] WRITE LINE: |                                                                              |
[2023-12-30 02:27:49Z INFO Terminal] WRITE LINE: --------------------------------------------------------------------------------
[2023-12-30 02:27:49Z INFO ConfigurationManager] ConfigureAsync
[2023-12-30 02:27:49Z INFO CommandSettings] Flag 'generateServiceConfig': 'False'
[2023-12-30 02:27:49Z INFO ConfigurationStore] IsConfigured()
[2023-12-30 02:27:49Z INFO ConfigurationStore] IsConfigured: False
[2023-12-30 02:27:49Z INFO ConfigurationManager] Is configured: False
[2023-12-30 02:27:49Z INFO CommandSettings] Arg 'url': 'https://github.com/vpmlagos/microservicio-java'
[2023-12-30 02:27:49Z INFO CommandSettings] Remove url from Arg dictionary.
[2023-12-30 02:27:49Z INFO CommandSettings] Arg 'token': '***'
[2023-12-30 02:27:49Z INFO CommandSettings] Remove token from Arg dictionary.
[2023-12-30 02:27:50Z INFO ConfigurationManager] Http response code: OK from 'POST https://api.github.com/actions/runner-registration' (7419:797D:16E1B4C:306CD6B:658F8027)
[2023-12-30 02:27:50Z INFO ConfigurationManager] Using V2 flow: False
[2023-12-30 02:27:50Z INFO ConfigurationManager] cred retrieved via GitHub auth
[2023-12-30 02:27:50Z INFO RunnerServer] EstablishVssConnection
[2023-12-30 02:27:50Z INFO RunnerServer] Establish connection with 100 seconds timeout.
[2023-12-30 02:27:51Z INFO GitHubActionsService] Starting operation Location.GetConnectionData
[2023-12-30 02:27:51Z INFO RunnerServer] EstablishVssConnection
[2023-12-30 02:27:51Z INFO RunnerServer] Establish connection with 60 seconds timeout.
[2023-12-30 02:27:51Z INFO GitHubActionsService] Starting operation Location.GetConnectionData
[2023-12-30 02:27:51Z INFO RunnerServer] EstablishVssConnection
[2023-12-30 02:27:51Z INFO RunnerServer] Establish connection with 60 seconds timeout.
[2023-12-30 02:27:51Z INFO GitHubActionsService] Starting operation Location.GetConnectionData
[2023-12-30 02:27:51Z INFO GitHubActionsService] Finished operation Location.GetConnectionData
[2023-12-30 02:27:51Z INFO GitHubActionsService] Finished operation Location.GetConnectionData
[2023-12-30 02:27:51Z INFO GitHubActionsService] Finished operation Location.GetConnectionData
[2023-12-30 02:27:52Z INFO Terminal] WRITE LINE: 
[2023-12-30 02:27:52Z INFO ConfigurationManager] Test Connection complete.
[2023-12-30 02:27:52Z INFO HostContext] Well known directory 'Bin': 'C:\Users\valep\Desktop\Devops\dev-ops-v6\microservicio\microservicio-java\actions-runner\bin'
[2023-12-30 02:27:52Z INFO HostContext] Well known directory 'Root': 'C:\Users\valep\Desktop\Devops\dev-ops-v6\microservicio\microservicio-java\actions-runner'
[2023-12-30 02:27:52Z INFO HostContext] Well known config file 'RSACredentials': 'C:\Users\valep\Desktop\Devops\dev-ops-v6\microservicio\microservicio-java\actions-runner\.credentials_rsaparams'
[2023-12-30 02:27:52Z INFO RSAEncryptedFileKeyManager] Creating new RSA key using 2048-bit key length
[2023-12-30 02:27:52Z INFO RSAEncryptedFileKeyManager] Successfully saved RSA key parameters to file C:\Users\valep\Desktop\Devops\dev-ops-v6\microservicio\microservicio-java\actions-runner\.credentials_rsaparams
[2023-12-30 02:27:52Z INFO CommandSettings] Arg 'runnergroup': ''
[2023-12-30 02:27:52Z INFO CommandSettings] Flag 'unattended': 'False'
[2023-12-30 02:27:52Z INFO PromptManager] ReadValue
[2023-12-30 02:27:52Z INFO Terminal] WRITE: Enter the name of the runner group to add this runner to: 
[2023-12-30 02:27:52Z INFO Terminal] WRITE: [press Enter for Default] 
[2023-12-30 02:27:52Z INFO Terminal] READ LINE
[2023-12-30 02:27:55Z INFO Terminal] Read value: ''
[2023-12-30 02:27:55Z INFO PromptManager] Falling back to the default: 'Default'
[2023-12-30 02:27:55Z INFO Terminal] WRITE LINE: 
[2023-12-30 02:27:55Z INFO ConfigurationManager] Found a self-hosted runner group with id 1 and name Default
[2023-12-30 02:27:55Z INFO CommandSettings] Flag 'disableupdate': 'False'
[2023-12-30 02:27:55Z INFO CommandSettings] Flag 'ephemeral': 'False'
[2023-12-30 02:27:55Z INFO CommandSettings] Arg 'name': ''
[2023-12-30 02:27:55Z INFO CommandSettings] Flag 'unattended': 'False'
[2023-12-30 02:27:55Z INFO PromptManager] ReadValue
[2023-12-30 02:27:55Z INFO Terminal] WRITE: Enter the name of runner: 
[2023-12-30 02:27:55Z INFO Terminal] WRITE: [press Enter for LAPTOP-23KGNN3P] 
[2023-12-30 02:27:55Z INFO Terminal] READ LINE
[2023-12-30 02:27:57Z INFO Terminal] Read value: ''
[2023-12-30 02:27:57Z INFO PromptManager] Falling back to the default: 'LAPTOP-23KGNN3P'
[2023-12-30 02:27:57Z INFO Terminal] WRITE LINE: 
[2023-12-30 02:27:57Z INFO CommandSettings] Arg 'labels': ''
[2023-12-30 02:27:57Z INFO CommandSettings] Flag 'unattended': 'False'
[2023-12-30 02:27:57Z INFO PromptManager] ReadValue
[2023-12-30 02:27:57Z INFO Terminal] WRITE: This runner will have the following labels: 'self-hosted', 'Windows', 'X64' 
Enter any additional labels (ex. label-1,label-2): 
[2023-12-30 02:27:57Z INFO Terminal] WRITE: [press Enter to skip] 
[2023-12-30 02:27:57Z INFO Terminal] READ LINE
[2023-12-30 02:27:58Z INFO Terminal] Read value: ''
[2023-12-30 02:27:58Z INFO Terminal] WRITE LINE: 
[2023-12-30 02:27:58Z INFO CommandSettings] Flag 'disableupdate': 'False'
[2023-12-30 02:27:58Z INFO CommandSettings] Flag 'no-default-labels': 'False'
[2023-12-30 02:27:58Z INFO CommandSettings] Flag 'disableupdate': 'False'
[2023-12-30 02:27:58Z INFO CommandSettings] Flag 'ephemeral': 'False'
[2023-12-30 02:27:58Z INFO ConfigurationStore] Saving OAuth credential @ C:\Users\valep\Desktop\Devops\dev-ops-v6\microservicio\microservicio-java\actions-runner\.credentials
[2023-12-30 02:27:58Z INFO ConfigurationStore] Credentials Saved.
[2023-12-30 02:27:58Z INFO ConfigurationStore] HasCredentials()
[2023-12-30 02:27:58Z INFO ConfigurationStore] stored True
[2023-12-30 02:27:58Z INFO CredentialManager] GetCredentialProvider
[2023-12-30 02:27:58Z INFO CredentialManager] Creating type OAuth
[2023-12-30 02:27:58Z INFO CredentialManager] Creating credential type: OAuth
[2023-12-30 02:27:58Z INFO RSAEncryptedFileKeyManager] Loading RSA key parameters from file C:\Users\valep\Desktop\Devops\dev-ops-v6\microservicio\microservicio-java\actions-runner\.credentials_rsaparams
[2023-12-30 02:27:58Z INFO RunnerServer] EstablishVssConnection
[2023-12-30 02:27:58Z INFO RunnerServer] Establish connection with 100 seconds timeout.
[2023-12-30 02:27:58Z INFO GitHubActionsService] Starting operation Location.GetConnectionData
[2023-12-30 02:27:58Z INFO RunnerServer] EstablishVssConnection
[2023-12-30 02:27:58Z INFO RunnerServer] Establish connection with 60 seconds timeout.
[2023-12-30 02:27:58Z INFO GitHubActionsService] Starting operation Location.GetConnectionData
[2023-12-30 02:27:58Z INFO RunnerServer] EstablishVssConnection
[2023-12-30 02:27:58Z INFO RunnerServer] Establish connection with 60 seconds timeout.
[2023-12-30 02:27:58Z INFO GitHubActionsService] Starting operation Location.GetConnectionData
[2023-12-30 02:27:59Z INFO GitHubActionsService] Finished operation Location.GetConnectionData
[2023-12-30 02:27:59Z INFO GitHubActionsService] Finished operation Location.GetConnectionData
[2023-12-30 02:27:59Z INFO GitHubActionsService] Finished operation Location.GetConnectionData
[2023-12-30 02:27:59Z INFO RSAEncryptedFileKeyManager] Loading RSA key parameters from file C:\Users\valep\Desktop\Devops\dev-ops-v6\microservicio\microservicio-java\actions-runner\.credentials_rsaparams
[2023-12-30 02:27:59Z INFO RSAEncryptedFileKeyManager] Loading RSA key parameters from file C:\Users\valep\Desktop\Devops\dev-ops-v6\microservicio\microservicio-java\actions-runner\.credentials_rsaparams
[2023-12-30 02:28:00Z INFO GitHubActionsService] AAD Correlation ID for this token request: Unknown
[2023-12-30 02:28:00Z INFO CommandSettings] Arg 'work': ''
[2023-12-30 02:28:00Z INFO CommandSettings] Flag 'unattended': 'False'
[2023-12-30 02:28:00Z INFO PromptManager] ReadValue
[2023-12-30 02:28:00Z INFO Terminal] WRITE: Enter name of work folder: 
[2023-12-30 02:28:00Z INFO Terminal] WRITE: [press Enter for _work] 
[2023-12-30 02:28:00Z INFO Terminal] READ LINE
[2023-12-30 02:28:06Z INFO Terminal] Read value: ''
[2023-12-30 02:28:06Z INFO PromptManager] Falling back to the default: '_work'
[2023-12-30 02:28:06Z INFO ConfigurationStore] Saving runner settings.
[2023-12-30 02:28:06Z INFO ConfigurationStore] Settings Saved.
[2023-12-30 02:28:06Z INFO Terminal] WRITE LINE: 
[2023-12-30 02:28:06Z INFO Terminal] WRITE LINE: 
[2023-12-30 02:28:06Z INFO CommandSettings] Flag 'runasservice': 'False'
[2023-12-30 02:28:06Z INFO CommandSettings] Flag 'unattended': 'False'
[2023-12-30 02:28:06Z INFO PromptManager] ReadValue
[2023-12-30 02:28:06Z INFO Terminal] WRITE: Would you like to run the runner as service? (Y/N) 
[2023-12-30 02:28:06Z INFO Terminal] WRITE: [press Enter for N] 
[2023-12-30 02:28:06Z INFO Terminal] READ LINE
[2023-12-30 02:28:10Z INFO Terminal] Read value: 'y'
[2023-12-30 02:28:10Z INFO ConfigurationManager] Configuring to run the agent as service
[2023-12-30 02:28:10Z ERR  WindowsServiceControlManager] Needs Administrator privileges for configure runner as windows service.
[2023-12-30 02:28:10Z ERR  Runner] System.Security.SecurityException: Needs Administrator privileges for configuring runner as windows service.
   at GitHub.Runner.Listener.Configuration.WindowsServiceControlManager.ConfigureService(RunnerSettings settings, CommandSettings command)
   at GitHub.Runner.Listener.Configuration.ConfigurationManager.ConfigureAsync(CommandSettings command)
   at GitHub.Runner.Listener.Runner.ExecuteCommand(CommandSettings command)
[2023-12-30 02:28:10Z ERR  Terminal] WRITE ERROR: Needs Administrator privileges for configuring runner as windows service.
[2023-12-30 02:28:10Z INFO Listener] Runner execution has finished with return code 1
